<?xml version="1.0" encoding="UTF-8"?>
<!-- Generated by org.testng.reporters.JUnitReportReporter -->
<testsuite skipped="0" hostname="DESKTOP-TVB5HCK" name="testcases.HomePageTest" tests="1" failures="0" timestamp="29 May 2019 12:25:59 GMT" time="34.915" errors="0">
  <testcase name="clickContactPageTest" time="34.915" classname="testcases.HomePageTest"/>
</testsuite> <!-- testcases.HomePageTest -->
