<?xml version="1.0" encoding="UTF-8"?>
<!-- Generated by org.testng.reporters.JUnitReportReporter -->
<testsuite skipped="0" hostname="DESKTOP-TVB5HCK" name="testcases.LoginTest" tests="2" failures="0" timestamp="29 May 2019 12:25:59 GMT" time="70.598" errors="0">
  <testcase name="loginTitleTest" time="31.527" classname="testcases.LoginTest"/>
  <testcase name="loginTest" time="39.071" classname="testcases.LoginTest"/>
</testsuite> <!-- testcases.LoginTest -->
